<?xml version="1.0" encoding="UTF-8"?>
<!-- Generated by org.testng.reporters.JUnitReportReporter -->
<testsuite hostname="LIN51017743" failures="0" tests="1" name="com.E_Banking.testCases.Handelpouop" time="10.920" errors="0" timestamp="20 Apr 2022 07:34:23 GMT" skipped="0">
  <testcase classname="com.E_Banking.testCases.Handelpouop" name="Hadelpopup" time="10.920"/>
</testsuite> <!-- com.E_Banking.testCases.Handelpouop -->
